<?xml version="1.0" encoding="UTF-8"?>
<!-- Generated by org.testng.reporters.JUnitXMLReporter -->
<testsuite ignored="0" hostname="DESKTOP-MP8OG4E" failures="0" tests="1" name="Test" time="98.819" errors="0" timestamp="07 Jul 2020 19:32:28 GMT">
  <testcase classname="Source.BaseClass" name="@AfterMethod resultEvaloator" time="0.007">
    <failure type="java.lang.NullPointerException">
      <![CDATA[java.lang.NullPointerException
at Source.BaseClass.resultEvaloator(BaseClass.java:116)
... Removed 28 stack frames]]>
    </failure>
  </testcase> <!-- @AfterMethod resultEvaloator -->
  <testcase classname="tests.EndToEnd" name="E2E_Smoke" time="73.121"/>
</testsuite> <!-- Test -->
