<?xml version="1.0" encoding="UTF-8"?>
<testng-results ignored="0" total="1" passed="1" failed="0" skipped="0">
  <reporter-output>
  </reporter-output>
  <suite started-at="2020-07-07T19:30:49Z" name="Suite" finished-at="2020-07-07T19:32:28Z" duration-ms="98819">
    <groups>
    </groups>
    <test started-at="2020-07-07T19:30:49Z" name="Test" finished-at="2020-07-07T19:32:28Z" duration-ms="98819">
      <class name="tests.EndToEnd">
        <test-method is-config="true" signature="setup()[pri:0, instance:tests.EndToEnd@13c10b87]" started-at="2020-07-07T19:30:49Z" name="setup" finished-at="2020-07-07T19:31:14Z" duration-ms="25300" status="PASS">
          <reporter-output>
          </reporter-output>
        </test-method> <!-- setup -->
        <test-method signature="E2E_Smoke()[pri:0, instance:tests.EndToEnd@13c10b87]" started-at="2020-07-07T19:31:15Z" name="E2E_Smoke" finished-at="2020-07-07T19:32:28Z" duration-ms="73121" status="PASS">
          <reporter-output>
          </reporter-output>
        </test-method> <!-- E2E_Smoke -->
        <test-method is-config="true" signature="resultEvaloator(org.testng.ITestResult)[pri:0, instance:tests.EndToEnd@13c10b87]" started-at="2020-07-07T19:32:28Z" name="resultEvaloator" finished-at="2020-07-07T19:32:28Z" duration-ms="7" status="FAIL">
          <params>
            <param index="0">
              <value>
                <![CDATA[[TestResult name=E2E_Smoke status=SUCCESS method=EndToEnd.E2E_Smoke()[pri:0, instance:tests.EndToEnd@13c10b87] output={null}]]]>
              </value>
            </param>
          </params>
          <exception class="java.lang.NullPointerException">
            <full-stacktrace>
              <![CDATA[java.lang.NullPointerException
at Source.BaseClass.resultEvaloator(BaseClass.java:116)
at java.base/jdk.internal.reflect.NativeMethodAccessorImpl.invoke0(Native Method)
at java.base/jdk.internal.reflect.NativeMethodAccessorImpl.invoke(NativeMethodAccessorImpl.java:62)
at java.base/jdk.internal.reflect.DelegatingMethodAccessorImpl.invoke(DelegatingMethodAccessorImpl.java:43)
at java.base/java.lang.reflect.Method.invoke(Method.java:564)
at org.testng.internal.MethodInvocationHelper.invokeMethod(MethodInvocationHelper.java:124)
at org.testng.internal.MethodInvocationHelper.invokeMethodConsideringTimeout(MethodInvocationHelper.java:59)
at org.testng.internal.Invoker.invokeConfigurationMethod(Invoker.java:458)
at org.testng.internal.Invoker.invokeConfigurations(Invoker.java:222)
at org.testng.internal.Invoker.invokeMethod(Invoker.java:646)
at org.testng.internal.Invoker.invokeTestMethod(Invoker.java:719)
at org.testng.internal.Invoker.invokeTestMethods(Invoker.java:989)
at org.testng.internal.TestMethodWorker.invokeTestMethods(TestMethodWorker.java:125)
at org.testng.internal.TestMethodWorker.run(TestMethodWorker.java:109)
at org.testng.TestRunner.privateRun(TestRunner.java:648)
at org.testng.TestRunner.run(TestRunner.java:505)
at org.testng.SuiteRunner.runTest(SuiteRunner.java:455)
at org.testng.SuiteRunner.runSequentially(SuiteRunner.java:450)
at org.testng.SuiteRunner.privateRun(SuiteRunner.java:415)
at org.testng.SuiteRunner.run(SuiteRunner.java:364)
at org.testng.SuiteRunnerWorker.runSuite(SuiteRunnerWorker.java:52)
at org.testng.SuiteRunnerWorker.run(SuiteRunnerWorker.java:84)
at org.testng.TestNG.runSuitesSequentially(TestNG.java:1208)
at org.testng.TestNG.runSuitesLocally(TestNG.java:1137)
at org.testng.TestNG.runSuites(TestNG.java:1049)
at org.testng.TestNG.run(TestNG.java:1017)
at org.testng.remote.AbstractRemoteTestNG.run(AbstractRemoteTestNG.java:115)
at org.testng.remote.RemoteTestNG.initAndRun(RemoteTestNG.java:251)
at org.testng.remote.RemoteTestNG.main(RemoteTestNG.java:77)
]]>
            </full-stacktrace>
          </exception> <!-- java.lang.NullPointerException -->
          <reporter-output>
          </reporter-output>
        </test-method> <!-- resultEvaloator -->
        <test-method is-config="true" signature="teardown()[pri:0, instance:tests.EndToEnd@13c10b87]" started-at="2020-07-07T19:32:28Z" name="teardown" finished-at="2020-07-07T19:32:28Z" duration-ms="332" status="PASS">
          <reporter-output>
          </reporter-output>
        </test-method> <!-- teardown -->
      </class> <!-- tests.EndToEnd -->
    </test> <!-- Test -->
  </suite> <!-- Suite -->
</testng-results>
